<?xml version='1.0' encoding='UTF-8'?>
<testsuite hostname="savely" name="todo.TodoSuite" tests="14" errors="0" failures="0" skipped="0" time="0.357" timestamp="2022-01-07T13:51:35">
          <properties>
[...]
</properties>
          <testcase classname="todo.TodoSuite" name="Created tasks can be read" time="0.057">
                      
                    </testcase><testcase classname="todo.TodoSuite" name="Updated tasks can be read" time="0.003">
                      
                    </testcase><testcase classname="todo.TodoSuite" name="Deleted tasks are no longer read" time="0.006">
                      
                    </testcase><testcase classname="todo.TodoSuite" name="Tasks returns all inserted tasks in insertion order" time="0.006">
                      
                    </testcase><testcase classname="todo.TodoSuite" name="Tasks(tag) returns only tasks with given tag" time="0.003">
                      
                    </testcase><testcase classname="todo.TodoSuite" name="complete changes state to completed, if task is not already completed" time="0.003">
                      
                    </testcase><testcase classname="todo.TodoSuite" name="tags returns all tags" time="0.007">
                      
                    </testcase><testcase classname="todo.TodoSuite" name="Created tasks can be read-1" time="0.178">
                      
                    </testcase><testcase classname="todo.TodoSuite" name="Updated tasks can be read-1" time="0.01">
                      
                    </testcase><testcase classname="todo.TodoSuite" name="Deleted tasks are no longer read-1" time="0.011">
                      
                    </testcase><testcase classname="todo.TodoSuite" name="Tasks returns all inserted tasks in insertion order-1" time="0.013">
                      
                    </testcase><testcase classname="todo.TodoSuite" name="Tasks(tag) returns only tasks with given tag-1" time="0.017">
                      
                    </testcase><testcase classname="todo.TodoSuite" name="complete changes state to completed, if task is not already completed-1" time="0.025">
                      
                    </testcase><testcase classname="todo.TodoSuite" name="tags returns all tags-1" time="0.018">
                      
                    </testcase>
          <system-out><![CDATA[]]></system-out>
          <system-err><![CDATA[]]></system-err>
        </testsuite>