<?xml version='1.0' encoding='UTF-8'?>
<testsuite hostname="savely" name="quickcheck.QuickCheckSuite" tests="5" errors="0" failures="5" skipped="0" time="0.388" timestamp="2022-01-12T21:20:26">
          <properties>
[...]
</properties>
          <testcase classname="quickcheck.QuickCheckSuite" name="Bogus (1) binomial heap does not satisfy properties. (10pts)" time="0.282">
                      <failure message="java.lang.AssertionError: The properties were not satisfied by the correct binomial heap implementation. Make sure the properties you write are true of heaps. Here is the output of scalacheck when checking your properties on the correct heap implementation.
+ HeapProperties.the minimum of a heap of two elements should be the smallest of the two elements: OK, passed 100 tests.
+ HeapProperties.delete minumum of heap of one element should return an empty heap: OK, passed 100 tests.
+ HeapProperties.inserting the minimal element and then finding it should return the same minimal element: OK, passed 10
  0 tests.
+ HeapProperties.continually finding and deleting the minimal element of a heap should return a sorted sequence: OK, pas
  sed 100 tests.
+ HeapProperties.melding a heap containing two low values with a heap containing two high values: OK, passed 100 tests.
failing seed for HeapProperties.finding the minimum of melding any two heaps should return the minimum of one or the other of the source heaps is j7Zd-UtKzAIbzpmKYom49C1ibX0gnG_V7Njp8MgKdIF=
! HeapProperties.finding the minimum of melding any two heaps should return the minimum of one or the other of the sourc
  e heaps: Falsified after 7 passed tests.
&gt; ARG_0: List(&quot;Node(-174385362,1,List(Node(-1,0,List())))&quot;)
&gt; ARG_1: List(&quot;Node(2147483647,0,List())&quot;)
" type="sbt.ForkMain$ForkError">sbt.ForkMain$ForkError: java.lang.AssertionError: The properties were not satisfied by the correct binomial heap implementation. Make sure the properties you write are true of heaps. Here is the output of scalacheck when checking your properties on the correct heap implementation.
+ HeapProperties.the minimum of a heap of two elements should be the smallest of the two elements: OK, passed 100 tests.
+ HeapProperties.delete minumum of heap of one element should return an empty heap: OK, passed 100 tests.
+ HeapProperties.inserting the minimal element and then finding it should return the same minimal element: OK, passed 10
  0 tests.
+ HeapProperties.continually finding and deleting the minimal element of a heap should return a sorted sequence: OK, pas
  sed 100 tests.
+ HeapProperties.melding a heap containing two low values with a heap containing two high values: OK, passed 100 tests.
failing seed for HeapProperties.finding the minimum of melding any two heaps should return the minimum of one or the other of the source heaps is j7Zd-UtKzAIbzpmKYom49C1ibX0gnG_V7Njp8MgKdIF=
! HeapProperties.finding the minimum of melding any two heaps should return the minimum of one or the other of the sourc
  e heaps: Falsified after 7 passed tests.
&gt; ARG_0: List(&quot;Node(-174385362,1,List(Node(-1,0,List())))&quot;)
&gt; ARG_1: List(&quot;Node(2147483647,0,List())&quot;)

	at quickcheck.QuickCheckSuite.checkPropertiesOnCorrectHeap(QuickCheckSuite.scala:80)
	at quickcheck.QuickCheckSuite.checkBogus(QuickCheckSuite.scala:41)
	at quickcheck.QuickCheckSuite.$init$$$anonfun$1(QuickCheckSuite.scala:12)
	at scala.runtime.java8.JFunction0$mcV$sp.apply(JFunction0$mcV$sp.scala:18)
</failure>
                    </testcase><testcase classname="quickcheck.QuickCheckSuite" name="Bogus (2) binomial heap does not satisfy properties. (10pts)" time="0.035">
                      <failure message="java.lang.AssertionError: The properties were not satisfied by the correct binomial heap implementation. Make sure the properties you write are true of heaps. Here is the output of scalacheck when checking your properties on the correct heap implementation.
+ HeapProperties.the minimum of a heap of two elements should be the smallest of the two elements: OK, passed 100 tests.
+ HeapProperties.delete minumum of heap of one element should return an empty heap: OK, passed 100 tests.
+ HeapProperties.inserting the minimal element and then finding it should return the same minimal element: OK, passed 10
  0 tests.
+ HeapProperties.continually finding and deleting the minimal element of a heap should return a sorted sequence: OK, pas
  sed 100 tests.
+ HeapProperties.melding a heap containing two low values with a heap containing two high values: OK, passed 100 tests.
failing seed for HeapProperties.finding the minimum of melding any two heaps should return the minimum of one or the other of the source heaps is IljBI9i8-m74ZHP5cEY9l9KeV29V3jN0XE_K_z24GpM=
! HeapProperties.finding the minimum of melding any two heaps should return the minimum of one or the other of the sourc
  e heaps: Falsified after 12 passed tests.
&gt; ARG_0: List(&quot;Node(-1,0,List())&quot;)
&gt; ARG_1: List(&quot;Node(-1516974602,1,List(Node(1,0,List())))&quot;)
" type="sbt.ForkMain$ForkError">sbt.ForkMain$ForkError: java.lang.AssertionError: The properties were not satisfied by the correct binomial heap implementation. Make sure the properties you write are true of heaps. Here is the output of scalacheck when checking your properties on the correct heap implementation.
+ HeapProperties.the minimum of a heap of two elements should be the smallest of the two elements: OK, passed 100 tests.
+ HeapProperties.delete minumum of heap of one element should return an empty heap: OK, passed 100 tests.
+ HeapProperties.inserting the minimal element and then finding it should return the same minimal element: OK, passed 10
  0 tests.
+ HeapProperties.continually finding and deleting the minimal element of a heap should return a sorted sequence: OK, pas
  sed 100 tests.
+ HeapProperties.melding a heap containing two low values with a heap containing two high values: OK, passed 100 tests.
failing seed for HeapProperties.finding the minimum of melding any two heaps should return the minimum of one or the other of the source heaps is IljBI9i8-m74ZHP5cEY9l9KeV29V3jN0XE_K_z24GpM=
! HeapProperties.finding the minimum of melding any two heaps should return the minimum of one or the other of the sourc
  e heaps: Falsified after 12 passed tests.
&gt; ARG_0: List(&quot;Node(-1,0,List())&quot;)
&gt; ARG_1: List(&quot;Node(-1516974602,1,List(Node(1,0,List())))&quot;)

	at quickcheck.QuickCheckSuite.checkPropertiesOnCorrectHeap(QuickCheckSuite.scala:80)
	at quickcheck.QuickCheckSuite.checkBogus(QuickCheckSuite.scala:41)
	at quickcheck.QuickCheckSuite.$init$$$anonfun$2(QuickCheckSuite.scala:16)
	at scala.runtime.java8.JFunction0$mcV$sp.apply(JFunction0$mcV$sp.scala:18)
</failure>
                    </testcase><testcase classname="quickcheck.QuickCheckSuite" name="Bogus (3) binomial heap does not satisfy properties. (10pts)" time="0.017">
                      <failure message="java.lang.AssertionError: The properties were not satisfied by the correct binomial heap implementation. Make sure the properties you write are true of heaps. Here is the output of scalacheck when checking your properties on the correct heap implementation.
+ HeapProperties.the minimum of a heap of two elements should be the smallest of the two elements: OK, passed 100 tests.
+ HeapProperties.delete minumum of heap of one element should return an empty heap: OK, passed 100 tests.
+ HeapProperties.inserting the minimal element and then finding it should return the same minimal element: OK, passed 10
  0 tests.
+ HeapProperties.continually finding and deleting the minimal element of a heap should return a sorted sequence: OK, pas
  sed 100 tests.
+ HeapProperties.melding a heap containing two low values with a heap containing two high values: OK, passed 100 tests.
failing seed for HeapProperties.finding the minimum of melding any two heaps should return the minimum of one or the other of the source heaps is 3N5gsQaoTfx-UnBlvZKwyg3V7e5DMs2SVGVAKngaWUD=
! HeapProperties.finding the minimum of melding any two heaps should return the minimum of one or the other of the sourc
  e heaps: Falsified after 12 passed tests.
&gt; ARG_0: List(&quot;Node(1,0,List())&quot;)
&gt; ARG_1: List(&quot;Node(0,1,List(Node(1591811598,0,List())))&quot;)
" type="sbt.ForkMain$ForkError">sbt.ForkMain$ForkError: java.lang.AssertionError: The properties were not satisfied by the correct binomial heap implementation. Make sure the properties you write are true of heaps. Here is the output of scalacheck when checking your properties on the correct heap implementation.
+ HeapProperties.the minimum of a heap of two elements should be the smallest of the two elements: OK, passed 100 tests.
+ HeapProperties.delete minumum of heap of one element should return an empty heap: OK, passed 100 tests.
+ HeapProperties.inserting the minimal element and then finding it should return the same minimal element: OK, passed 10
  0 tests.
+ HeapProperties.continually finding and deleting the minimal element of a heap should return a sorted sequence: OK, pas
  sed 100 tests.
+ HeapProperties.melding a heap containing two low values with a heap containing two high values: OK, passed 100 tests.
failing seed for HeapProperties.finding the minimum of melding any two heaps should return the minimum of one or the other of the source heaps is 3N5gsQaoTfx-UnBlvZKwyg3V7e5DMs2SVGVAKngaWUD=
! HeapProperties.finding the minimum of melding any two heaps should return the minimum of one or the other of the sourc
  e heaps: Falsified after 12 passed tests.
&gt; ARG_0: List(&quot;Node(1,0,List())&quot;)
&gt; ARG_1: List(&quot;Node(0,1,List(Node(1591811598,0,List())))&quot;)

	at quickcheck.QuickCheckSuite.checkPropertiesOnCorrectHeap(QuickCheckSuite.scala:80)
	at quickcheck.QuickCheckSuite.checkBogus(QuickCheckSuite.scala:41)
	at quickcheck.QuickCheckSuite.$init$$$anonfun$3(QuickCheckSuite.scala:20)
	at scala.runtime.java8.JFunction0$mcV$sp.apply(JFunction0$mcV$sp.scala:18)
</failure>
                    </testcase><testcase classname="quickcheck.QuickCheckSuite" name="Bogus (4) binomial heap does not satisfy properties. (10pts)" time="0.021">
                      <failure message="java.lang.AssertionError: The properties were not satisfied by the correct binomial heap implementation. Make sure the properties you write are true of heaps. Here is the output of scalacheck when checking your properties on the correct heap implementation.
+ HeapProperties.the minimum of a heap of two elements should be the smallest of the two elements: OK, passed 100 tests.
+ HeapProperties.delete minumum of heap of one element should return an empty heap: OK, passed 100 tests.
+ HeapProperties.inserting the minimal element and then finding it should return the same minimal element: OK, passed 10
  0 tests.
+ HeapProperties.continually finding and deleting the minimal element of a heap should return a sorted sequence: OK, pas
  sed 100 tests.
+ HeapProperties.melding a heap containing two low values with a heap containing two high values: OK, passed 100 tests.
failing seed for HeapProperties.finding the minimum of melding any two heaps should return the minimum of one or the other of the source heaps is -Eb4diyuCiGdrPcoULh2iJVpDd0C54UwFYdUPkyEdXI=
! HeapProperties.finding the minimum of melding any two heaps should return the minimum of one or the other of the sourc
  e heaps: Falsified after 12 passed tests.
&gt; ARG_0: List(&quot;Node(-1,1,List(Node(936258789,0,List())))&quot;)
&gt; ARG_1: List(&quot;Node(2147483647,0,List())&quot;)
" type="sbt.ForkMain$ForkError">sbt.ForkMain$ForkError: java.lang.AssertionError: The properties were not satisfied by the correct binomial heap implementation. Make sure the properties you write are true of heaps. Here is the output of scalacheck when checking your properties on the correct heap implementation.
+ HeapProperties.the minimum of a heap of two elements should be the smallest of the two elements: OK, passed 100 tests.
+ HeapProperties.delete minumum of heap of one element should return an empty heap: OK, passed 100 tests.
+ HeapProperties.inserting the minimal element and then finding it should return the same minimal element: OK, passed 10
  0 tests.
+ HeapProperties.continually finding and deleting the minimal element of a heap should return a sorted sequence: OK, pas
  sed 100 tests.
+ HeapProperties.melding a heap containing two low values with a heap containing two high values: OK, passed 100 tests.
failing seed for HeapProperties.finding the minimum of melding any two heaps should return the minimum of one or the other of the source heaps is -Eb4diyuCiGdrPcoULh2iJVpDd0C54UwFYdUPkyEdXI=
! HeapProperties.finding the minimum of melding any two heaps should return the minimum of one or the other of the sourc
  e heaps: Falsified after 12 passed tests.
&gt; ARG_0: List(&quot;Node(-1,1,List(Node(936258789,0,List())))&quot;)
&gt; ARG_1: List(&quot;Node(2147483647,0,List())&quot;)

	at quickcheck.QuickCheckSuite.checkPropertiesOnCorrectHeap(QuickCheckSuite.scala:80)
	at quickcheck.QuickCheckSuite.checkBogus(QuickCheckSuite.scala:41)
	at quickcheck.QuickCheckSuite.$init$$$anonfun$4(QuickCheckSuite.scala:24)
	at scala.runtime.java8.JFunction0$mcV$sp.apply(JFunction0$mcV$sp.scala:18)
</failure>
                    </testcase><testcase classname="quickcheck.QuickCheckSuite" name="Bogus (5) binomial heap does not satisfy properties. (10pts)" time="0.033">
                      <failure message="java.lang.AssertionError: The properties were not satisfied by the correct binomial heap implementation. Make sure the properties you write are true of heaps. Here is the output of scalacheck when checking your properties on the correct heap implementation.
+ HeapProperties.the minimum of a heap of two elements should be the smallest of the two elements: OK, passed 100 tests.
+ HeapProperties.delete minumum of heap of one element should return an empty heap: OK, passed 100 tests.
+ HeapProperties.inserting the minimal element and then finding it should return the same minimal element: OK, passed 10
  0 tests.
+ HeapProperties.continually finding and deleting the minimal element of a heap should return a sorted sequence: OK, pas
  sed 100 tests.
+ HeapProperties.melding a heap containing two low values with a heap containing two high values: OK, passed 100 tests.
failing seed for HeapProperties.finding the minimum of melding any two heaps should return the minimum of one or the other of the source heaps is 5-um9UCTKa7Ju6XEKExMiY0ZoYSCfg34DVTERFVbI5A=
! HeapProperties.finding the minimum of melding any two heaps should return the minimum of one or the other of the sourc
  e heaps: Falsified after 10 passed tests.
&gt; ARG_0: List(&quot;Node(-1608242034,0,List())&quot;)
&gt; ARG_1: List(&quot;Node(-2147483648,1,List(Node(1253544596,0,List())))&quot;)
&gt; ARG_0_ORIGINAL: List(&quot;Node(-1608242034,0,List())&quot;, &quot;Node(-2147483648,1,List(Node(-1149713452,0,List())))&quot;)
&gt; ARG_1_ORIGINAL: List(&quot;Node(338519688,0,List())&quot;, &quot;Node(-2147483648,1,List(Node(1253544596,0,List())))&quot;)
" type="sbt.ForkMain$ForkError">sbt.ForkMain$ForkError: java.lang.AssertionError: The properties were not satisfied by the correct binomial heap implementation. Make sure the properties you write are true of heaps. Here is the output of scalacheck when checking your properties on the correct heap implementation.
+ HeapProperties.the minimum of a heap of two elements should be the smallest of the two elements: OK, passed 100 tests.
+ HeapProperties.delete minumum of heap of one element should return an empty heap: OK, passed 100 tests.
+ HeapProperties.inserting the minimal element and then finding it should return the same minimal element: OK, passed 10
  0 tests.
+ HeapProperties.continually finding and deleting the minimal element of a heap should return a sorted sequence: OK, pas
  sed 100 tests.
+ HeapProperties.melding a heap containing two low values with a heap containing two high values: OK, passed 100 tests.
failing seed for HeapProperties.finding the minimum of melding any two heaps should return the minimum of one or the other of the source heaps is 5-um9UCTKa7Ju6XEKExMiY0ZoYSCfg34DVTERFVbI5A=
! HeapProperties.finding the minimum of melding any two heaps should return the minimum of one or the other of the sourc
  e heaps: Falsified after 10 passed tests.
&gt; ARG_0: List(&quot;Node(-1608242034,0,List())&quot;)
&gt; ARG_1: List(&quot;Node(-2147483648,1,List(Node(1253544596,0,List())))&quot;)
&gt; ARG_0_ORIGINAL: List(&quot;Node(-1608242034,0,List())&quot;, &quot;Node(-2147483648,1,List(Node(-1149713452,0,List())))&quot;)
&gt; ARG_1_ORIGINAL: List(&quot;Node(338519688,0,List())&quot;, &quot;Node(-2147483648,1,List(Node(1253544596,0,List())))&quot;)

	at quickcheck.QuickCheckSuite.checkPropertiesOnCorrectHeap(QuickCheckSuite.scala:80)
	at quickcheck.QuickCheckSuite.checkBogus(QuickCheckSuite.scala:41)
	at quickcheck.QuickCheckSuite.$init$$$anonfun$5(QuickCheckSuite.scala:28)
	at scala.runtime.java8.JFunction0$mcV$sp.apply(JFunction0$mcV$sp.scala:18)
</failure>
                    </testcase>
          <system-out><![CDATA[]]></system-out>
          <system-err><![CDATA[]]></system-err>
        </testsuite>